2021-10-08 16:03:59.153 [background-preinit] INFO  org.hibernate.validator.internal.util.Version - HV000001: Hibernate Validator 6.1.7.Final
2021-10-08 16:03:59.650 [main] INFO  com.Surnia.eduService.ServiceEduMain8001 - No active profile set, falling back to default profiles: default
2021-10-08 16:04:00.710 [main] INFO  o.s.d.r.config.RepositoryConfigurationDelegate - Multiple Spring Data modules found, entering strict repository configuration mode!
2021-10-08 16:04:00.712 [main] INFO  o.s.d.r.config.RepositoryConfigurationDelegate - Bootstrapping Spring Data Redis repositories in DEFAULT mode.
2021-10-08 16:04:00.742 [main] INFO  o.s.d.r.config.RepositoryConfigurationDelegate - Finished Spring Data repository scanning in 18ms. Found 0 Redis repository interfaces.
2021-10-08 16:04:00.943 [main] INFO  o.springframework.cloud.context.scope.GenericScope - BeanFactory id=ec86cfc4-7260-3941-b6aa-a7a0913fab12
2021-10-08 16:04:01.068 [main] INFO  o.s.c.s.PostProcessorRegistrationDelegate$BeanPostProcessorChecker - Bean 'redisConfig' of type [com.Surnia.commons.config.RedisConfig$$EnhancerBySpringCGLIB$$4a2507cf] is not eligible for getting processed by all BeanPostProcessors (for example: not eligible for auto-proxying)
2021-10-08 16:04:01.330 [main] INFO  o.s.boot.web.embedded.tomcat.TomcatWebServer - Tomcat initialized with port(s): 8001 (http)
2021-10-08 16:04:01.339 [main] INFO  org.apache.coyote.http11.Http11NioProtocol - Initializing ProtocolHandler ["http-nio-8001"]
2021-10-08 16:04:01.340 [main] INFO  org.apache.catalina.core.StandardService - Starting service [Tomcat]
2021-10-08 16:04:01.340 [main] INFO  org.apache.catalina.core.StandardEngine - Starting Servlet engine: [Apache Tomcat/9.0.45]
2021-10-08 16:04:01.467 [main] INFO  o.a.c.core.ContainerBase.[Tomcat].[localhost].[/] - Initializing Spring embedded WebApplicationContext
2021-10-08 16:04:01.467 [main] INFO  o.s.b.w.s.c.ServletWebServerApplicationContext - Root WebApplicationContext: initialization completed in 1791 ms
2021-10-08 16:04:01.827 [main] INFO  com.zaxxer.hikari.HikariDataSource - HikariPool-1 - Starting...
2021-10-08 16:04:02.061 [main] INFO  com.zaxxer.hikari.HikariDataSource - HikariPool-1 - Start completed.
2021-10-08 16:04:03.145 [main] INFO  o.s.b.actuate.endpoint.web.EndpointLinksResolver - Exposing 2 endpoint(s) beneath base path '/actuator'
2021-10-08 16:04:03.257 [main] INFO  s.d.s.w.PropertySourcedRequestMappingHandlerMapping - Mapped URL path [/v2/api-docs] onto method [springfox.documentation.swagger2.web.Swagger2Controller#getDocumentation(String, HttpServletRequest)]
2021-10-08 16:04:03.288 [main] INFO  com.netflix.config.sources.URLConfigurationSource - To enable URLs as dynamic configuration sources, define System property archaius.configurationSource.additionalUrls or make config.properties available on classpath.
2021-10-08 16:04:03.293 [main] INFO  com.netflix.config.sources.URLConfigurationSource - To enable URLs as dynamic configuration sources, define System property archaius.configurationSource.additionalUrls or make config.properties available on classpath.
2021-10-08 16:04:03.439 [main] INFO  o.s.scheduling.concurrent.ThreadPoolTaskExecutor - Initializing ExecutorService 'applicationTaskExecutor'
2021-10-08 16:04:03.526 [main] INFO  o.s.scheduling.concurrent.ThreadPoolTaskScheduler - Initializing ExecutorService 'Nacso-Watch-Task-Scheduler'
2021-10-08 16:04:03.873 [main] INFO  org.apache.coyote.http11.Http11NioProtocol - Starting ProtocolHandler ["http-nio-8001"]
2021-10-08 16:04:03.894 [main] INFO  o.s.boot.web.embedded.tomcat.TomcatWebServer - Tomcat started on port(s): 8001 (http) with context path ''
2021-10-08 16:04:03.968 [main] INFO  c.a.cloud.nacos.registry.NacosServiceRegistry - nacos registry, DEFAULT_GROUP service-edu 192.168.1.103:8001 register finished
2021-10-08 16:04:04.017 [main] INFO  s.d.s.web.plugins.DocumentationPluginsBootstrapper - Context refreshed
2021-10-08 16:04:04.030 [main] INFO  s.d.s.web.plugins.DocumentationPluginsBootstrapper - Found 1 custom documentation plugin(s)
2021-10-08 16:04:04.065 [main] INFO  s.d.spring.web.scanners.ApiListingReferenceScanner - Scanning for api listing references
2021-10-08 16:04:04.418 [main] INFO  com.Surnia.eduService.ServiceEduMain8001 - Started ServiceEduMain8001 in 6.305 seconds (JVM running for 7.473)
2021-10-08 16:04:05.031 [RMI TCP Connection(5)-192.168.1.103] INFO  o.a.c.core.ContainerBase.[Tomcat].[localhost].[/] - Initializing Spring DispatcherServlet 'dispatcherServlet'
2021-10-08 16:04:05.031 [RMI TCP Connection(5)-192.168.1.103] INFO  org.springframework.web.servlet.DispatcherServlet - Initializing Servlet 'dispatcherServlet'
2021-10-08 16:04:05.044 [RMI TCP Connection(5)-192.168.1.103] INFO  org.springframework.web.servlet.DispatcherServlet - Completed initialization in 13 ms
2021-10-08 19:42:45.993 [background-preinit] INFO  org.hibernate.validator.internal.util.Version - HV000001: Hibernate Validator 6.1.7.Final
2021-10-08 19:42:46.428 [main] INFO  com.Surnia.eduService.ServiceEduMain8001 - No active profile set, falling back to default profiles: default
2021-10-08 19:42:47.482 [main] INFO  o.s.d.r.config.RepositoryConfigurationDelegate - Multiple Spring Data modules found, entering strict repository configuration mode!
2021-10-08 19:42:47.484 [main] INFO  o.s.d.r.config.RepositoryConfigurationDelegate - Bootstrapping Spring Data Redis repositories in DEFAULT mode.
2021-10-08 19:42:47.520 [main] INFO  o.s.d.r.config.RepositoryConfigurationDelegate - Finished Spring Data repository scanning in 26ms. Found 0 Redis repository interfaces.
2021-10-08 19:42:47.746 [main] INFO  o.springframework.cloud.context.scope.GenericScope - BeanFactory id=ec86cfc4-7260-3941-b6aa-a7a0913fab12
2021-10-08 19:42:47.897 [main] INFO  o.s.c.s.PostProcessorRegistrationDelegate$BeanPostProcessorChecker - Bean 'redisConfig' of type [com.Surnia.commons.config.RedisConfig$$EnhancerBySpringCGLIB$$6da0e7f8] is not eligible for getting processed by all BeanPostProcessors (for example: not eligible for auto-proxying)
2021-10-08 19:42:48.329 [main] INFO  o.s.boot.web.embedded.tomcat.TomcatWebServer - Tomcat initialized with port(s): 8001 (http)
2021-10-08 19:42:48.337 [main] INFO  org.apache.coyote.http11.Http11NioProtocol - Initializing ProtocolHandler ["http-nio-8001"]
2021-10-08 19:42:48.337 [main] INFO  org.apache.catalina.core.StandardService - Starting service [Tomcat]
2021-10-08 19:42:48.337 [main] INFO  org.apache.catalina.core.StandardEngine - Starting Servlet engine: [Apache Tomcat/9.0.45]
2021-10-08 19:42:48.445 [main] INFO  o.a.c.core.ContainerBase.[Tomcat].[localhost].[/] - Initializing Spring embedded WebApplicationContext
2021-10-08 19:42:48.445 [main] INFO  o.s.b.w.s.c.ServletWebServerApplicationContext - Root WebApplicationContext: initialization completed in 2000 ms
2021-10-08 19:42:48.711 [main] INFO  com.zaxxer.hikari.HikariDataSource - HikariPool-1 - Starting...
2021-10-08 19:42:48.943 [main] INFO  com.zaxxer.hikari.HikariDataSource - HikariPool-1 - Start completed.
2021-10-08 19:42:50.120 [main] INFO  o.s.b.actuate.endpoint.web.EndpointLinksResolver - Exposing 2 endpoint(s) beneath base path '/actuator'
2021-10-08 19:42:50.300 [main] INFO  s.d.s.w.PropertySourcedRequestMappingHandlerMapping - Mapped URL path [/v2/api-docs] onto method [springfox.documentation.swagger2.web.Swagger2Controller#getDocumentation(String, HttpServletRequest)]
2021-10-08 19:42:50.319 [main] INFO  com.netflix.config.sources.URLConfigurationSource - To enable URLs as dynamic configuration sources, define System property archaius.configurationSource.additionalUrls or make config.properties available on classpath.
2021-10-08 19:42:50.323 [main] INFO  com.netflix.config.sources.URLConfigurationSource - To enable URLs as dynamic configuration sources, define System property archaius.configurationSource.additionalUrls or make config.properties available on classpath.
2021-10-08 19:42:50.444 [main] INFO  o.s.scheduling.concurrent.ThreadPoolTaskExecutor - Initializing ExecutorService 'applicationTaskExecutor'
2021-10-08 19:42:50.557 [main] INFO  o.s.scheduling.concurrent.ThreadPoolTaskScheduler - Initializing ExecutorService 'Nacso-Watch-Task-Scheduler'
2021-10-08 19:42:50.942 [main] INFO  org.apache.coyote.http11.Http11NioProtocol - Starting ProtocolHandler ["http-nio-8001"]
2021-10-08 19:42:50.964 [main] INFO  o.s.boot.web.embedded.tomcat.TomcatWebServer - Tomcat started on port(s): 8001 (http) with context path ''
2021-10-08 19:42:51.038 [main] INFO  c.a.cloud.nacos.registry.NacosServiceRegistry - nacos registry, DEFAULT_GROUP service-edu 192.168.1.103:8001 register finished
2021-10-08 19:42:51.094 [main] INFO  s.d.s.web.plugins.DocumentationPluginsBootstrapper - Context refreshed
2021-10-08 19:42:51.107 [main] INFO  s.d.s.web.plugins.DocumentationPluginsBootstrapper - Found 1 custom documentation plugin(s)
2021-10-08 19:42:51.137 [main] INFO  s.d.spring.web.scanners.ApiListingReferenceScanner - Scanning for api listing references
2021-10-08 19:42:51.383 [main] INFO  com.Surnia.eduService.ServiceEduMain8001 - Started ServiceEduMain8001 in 6.505 seconds (JVM running for 7.707)
2021-10-08 19:42:51.674 [RMI TCP Connection(1)-192.168.1.103] INFO  o.a.c.core.ContainerBase.[Tomcat].[localhost].[/] - Initializing Spring DispatcherServlet 'dispatcherServlet'
2021-10-08 19:42:51.674 [RMI TCP Connection(1)-192.168.1.103] INFO  org.springframework.web.servlet.DispatcherServlet - Initializing Servlet 'dispatcherServlet'
2021-10-08 19:42:51.680 [RMI TCP Connection(1)-192.168.1.103] INFO  org.springframework.web.servlet.DispatcherServlet - Completed initialization in 6 ms
2021-10-08 19:43:25.169 [http-nio-8001-exec-7] INFO  com.Surnia.commons.handler.MyMetaObjectHandler - start update fill ....
2021-10-08 19:43:25.170 [http-nio-8001-exec-7] INFO  com.Surnia.commons.handler.MyMetaObjectHandler - update gmtModified fill ....value:Fri Oct 08 19:43:25 CST 2021
2021-10-08 19:43:40.693 [http-nio-8001-exec-8] INFO  com.Surnia.commons.handler.MyMetaObjectHandler - start update fill ....
2021-10-08 19:43:40.693 [http-nio-8001-exec-8] INFO  com.Surnia.commons.handler.MyMetaObjectHandler - update gmtModified fill ....value:Fri Oct 08 19:43:40 CST 2021
2021-10-08 19:43:41.335 [http-nio-8001-exec-9] INFO  com.Surnia.commons.handler.MyMetaObjectHandler - start update fill ....
2021-10-08 19:43:41.336 [http-nio-8001-exec-9] INFO  com.Surnia.commons.handler.MyMetaObjectHandler - update gmtModified fill ....value:Fri Oct 08 19:43:41 CST 2021
2021-10-08 19:43:41.526 [http-nio-8001-exec-10] INFO  com.Surnia.commons.handler.MyMetaObjectHandler - start update fill ....
2021-10-08 19:43:41.526 [http-nio-8001-exec-10] INFO  com.Surnia.commons.handler.MyMetaObjectHandler - update gmtModified fill ....value:Fri Oct 08 19:43:41 CST 2021
2021-10-08 19:43:41.684 [http-nio-8001-exec-1] INFO  com.Surnia.commons.handler.MyMetaObjectHandler - start update fill ....
2021-10-08 19:43:41.685 [http-nio-8001-exec-1] INFO  com.Surnia.commons.handler.MyMetaObjectHandler - update gmtModified fill ....value:Fri Oct 08 19:43:41 CST 2021
2021-10-08 19:43:41.844 [http-nio-8001-exec-3] INFO  com.Surnia.commons.handler.MyMetaObjectHandler - start update fill ....
2021-10-08 19:43:41.845 [http-nio-8001-exec-3] INFO  com.Surnia.commons.handler.MyMetaObjectHandler - update gmtModified fill ....value:Fri Oct 08 19:43:41 CST 2021
2021-10-08 19:43:42.005 [http-nio-8001-exec-2] INFO  com.Surnia.commons.handler.MyMetaObjectHandler - start update fill ....
2021-10-08 19:43:42.006 [http-nio-8001-exec-2] INFO  com.Surnia.commons.handler.MyMetaObjectHandler - update gmtModified fill ....value:Fri Oct 08 19:43:42 CST 2021
2021-10-08 19:43:42.161 [http-nio-8001-exec-4] INFO  com.Surnia.commons.handler.MyMetaObjectHandler - start update fill ....
2021-10-08 19:43:42.161 [http-nio-8001-exec-4] INFO  com.Surnia.commons.handler.MyMetaObjectHandler - update gmtModified fill ....value:Fri Oct 08 19:43:42 CST 2021
2021-10-08 19:43:42.325 [http-nio-8001-exec-5] INFO  com.Surnia.commons.handler.MyMetaObjectHandler - start update fill ....
2021-10-08 19:43:42.326 [http-nio-8001-exec-5] INFO  com.Surnia.commons.handler.MyMetaObjectHandler - update gmtModified fill ....value:Fri Oct 08 19:43:42 CST 2021
2021-10-08 19:43:42.520 [http-nio-8001-exec-6] INFO  com.Surnia.commons.handler.MyMetaObjectHandler - start update fill ....
2021-10-08 19:43:42.520 [http-nio-8001-exec-6] INFO  com.Surnia.commons.handler.MyMetaObjectHandler - update gmtModified fill ....value:Fri Oct 08 19:43:42 CST 2021
2021-10-08 19:43:53.197 [http-nio-8001-exec-7] INFO  com.Surnia.commons.handler.MyMetaObjectHandler - start update fill ....
2021-10-08 19:43:53.198 [http-nio-8001-exec-7] INFO  com.Surnia.commons.handler.MyMetaObjectHandler - update gmtModified fill ....value:Fri Oct 08 19:43:53 CST 2021
2021-10-08 19:52:10.051 [http-nio-8001-exec-1] INFO  com.Surnia.commons.handler.MyMetaObjectHandler - start update fill ....
2021-10-08 19:52:10.052 [http-nio-8001-exec-1] INFO  com.Surnia.commons.handler.MyMetaObjectHandler - update gmtModified fill ....value:Fri Oct 08 19:52:10 CST 2021
2021-10-08 19:55:52.513 [http-nio-8001-exec-4] INFO  com.Surnia.commons.handler.MyMetaObjectHandler - start update fill ....
2021-10-08 19:55:52.513 [http-nio-8001-exec-4] INFO  com.Surnia.commons.handler.MyMetaObjectHandler - update gmtModified fill ....value:Fri Oct 08 19:55:52 CST 2021
2021-10-08 19:57:08.817 [http-nio-8001-exec-6] INFO  com.Surnia.commons.handler.MyMetaObjectHandler - start update fill ....
2021-10-08 19:57:08.817 [http-nio-8001-exec-6] INFO  com.Surnia.commons.handler.MyMetaObjectHandler - update gmtModified fill ....value:Fri Oct 08 19:57:08 CST 2021
2021-10-08 23:23:12.061 [background-preinit] INFO  org.hibernate.validator.internal.util.Version - HV000001: Hibernate Validator 6.1.7.Final
2021-10-08 23:23:12.614 [main] INFO  com.Surnia.eduService.ServiceEduMain8001 - No active profile set, falling back to default profiles: default
2021-10-08 23:23:15.212 [main] INFO  o.s.d.r.config.RepositoryConfigurationDelegate - Multiple Spring Data modules found, entering strict repository configuration mode!
2021-10-08 23:23:15.214 [main] INFO  o.s.d.r.config.RepositoryConfigurationDelegate - Bootstrapping Spring Data Redis repositories in DEFAULT mode.
2021-10-08 23:23:15.255 [main] INFO  o.s.d.r.config.RepositoryConfigurationDelegate - Finished Spring Data repository scanning in 21ms. Found 0 Redis repository interfaces.
2021-10-08 23:23:15.693 [main] INFO  o.springframework.cloud.context.scope.GenericScope - BeanFactory id=ec86cfc4-7260-3941-b6aa-a7a0913fab12
2021-10-08 23:23:15.960 [main] INFO  o.s.c.s.PostProcessorRegistrationDelegate$BeanPostProcessorChecker - Bean 'redisConfig' of type [com.Surnia.commons.config.RedisConfig$$EnhancerBySpringCGLIB$$19930cae] is not eligible for getting processed by all BeanPostProcessors (for example: not eligible for auto-proxying)
2021-10-08 23:23:16.594 [main] INFO  o.s.boot.web.embedded.tomcat.TomcatWebServer - Tomcat initialized with port(s): 8001 (http)
2021-10-08 23:23:16.610 [main] INFO  org.apache.coyote.http11.Http11NioProtocol - Initializing ProtocolHandler ["http-nio-8001"]
2021-10-08 23:23:16.611 [main] INFO  org.apache.catalina.core.StandardService - Starting service [Tomcat]
2021-10-08 23:23:16.611 [main] INFO  org.apache.catalina.core.StandardEngine - Starting Servlet engine: [Apache Tomcat/9.0.45]
2021-10-08 23:23:16.854 [main] INFO  o.a.c.core.ContainerBase.[Tomcat].[localhost].[/] - Initializing Spring embedded WebApplicationContext
2021-10-08 23:23:16.856 [main] INFO  o.s.b.w.s.c.ServletWebServerApplicationContext - Root WebApplicationContext: initialization completed in 4215 ms
2021-10-08 23:23:17.560 [main] INFO  com.zaxxer.hikari.HikariDataSource - HikariPool-1 - Starting...
2021-10-08 23:23:17.830 [main] INFO  com.zaxxer.hikari.HikariDataSource - HikariPool-1 - Start completed.
