2021-10-03 15:47:30.570 [background-preinit] INFO  org.hibernate.validator.internal.util.Version - HV000001: Hibernate Validator 6.1.7.Final
2021-10-03 15:47:31.953 [main] INFO  com.Surnia.eduService.ServiceEduMain8001 - No active profile set, falling back to default profiles: default
2021-10-03 15:47:34.434 [main] INFO  o.s.d.r.config.RepositoryConfigurationDelegate - Multiple Spring Data modules found, entering strict repository configuration mode!
2021-10-03 15:47:34.436 [main] INFO  o.s.d.r.config.RepositoryConfigurationDelegate - Bootstrapping Spring Data Redis repositories in DEFAULT mode.
2021-10-03 15:47:34.467 [main] INFO  o.s.d.r.config.RepositoryConfigurationDelegate - Finished Spring Data repository scanning in 18ms. Found 0 Redis repository interfaces.
2021-10-03 15:47:34.884 [main] INFO  o.springframework.cloud.context.scope.GenericScope - BeanFactory id=ec86cfc4-7260-3941-b6aa-a7a0913fab12
2021-10-03 15:47:35.282 [main] INFO  o.s.c.s.PostProcessorRegistrationDelegate$BeanPostProcessorChecker - Bean 'redisConfig' of type [com.Surnia.commons.config.RedisConfig$$EnhancerBySpringCGLIB$$802629b5] is not eligible for getting processed by all BeanPostProcessors (for example: not eligible for auto-proxying)
2021-10-03 15:47:35.851 [main] INFO  o.s.boot.web.embedded.tomcat.TomcatWebServer - Tomcat initialized with port(s): 8001 (http)
2021-10-03 15:47:35.862 [main] INFO  org.apache.coyote.http11.Http11NioProtocol - Initializing ProtocolHandler ["http-nio-8001"]
2021-10-03 15:47:35.863 [main] INFO  org.apache.catalina.core.StandardService - Starting service [Tomcat]
2021-10-03 15:47:35.863 [main] INFO  org.apache.catalina.core.StandardEngine - Starting Servlet engine: [Apache Tomcat/9.0.45]
2021-10-03 15:47:36.119 [main] INFO  o.a.c.core.ContainerBase.[Tomcat].[localhost].[/] - Initializing Spring embedded WebApplicationContext
2021-10-03 15:47:36.120 [main] INFO  o.s.b.w.s.c.ServletWebServerApplicationContext - Root WebApplicationContext: initialization completed in 4133 ms
2021-10-03 15:47:36.630 [main] INFO  com.zaxxer.hikari.HikariDataSource - HikariPool-1 - Starting...
2021-10-03 15:47:37.444 [main] INFO  com.zaxxer.hikari.HikariDataSource - HikariPool-1 - Start completed.
2021-10-03 15:47:40.839 [main] INFO  o.s.b.actuate.endpoint.web.EndpointLinksResolver - Exposing 2 endpoint(s) beneath base path '/actuator'
2021-10-03 15:47:41.069 [main] INFO  s.d.s.w.PropertySourcedRequestMappingHandlerMapping - Mapped URL path [/v2/api-docs] onto method [springfox.documentation.swagger2.web.Swagger2Controller#getDocumentation(String, HttpServletRequest)]
2021-10-03 15:47:41.094 [main] INFO  com.netflix.config.sources.URLConfigurationSource - To enable URLs as dynamic configuration sources, define System property archaius.configurationSource.additionalUrls or make config.properties available on classpath.
2021-10-03 15:47:41.099 [main] INFO  com.netflix.config.sources.URLConfigurationSource - To enable URLs as dynamic configuration sources, define System property archaius.configurationSource.additionalUrls or make config.properties available on classpath.
2021-10-03 15:47:41.248 [main] INFO  o.s.scheduling.concurrent.ThreadPoolTaskExecutor - Initializing ExecutorService 'applicationTaskExecutor'
2021-10-03 15:47:41.364 [main] INFO  o.s.scheduling.concurrent.ThreadPoolTaskScheduler - Initializing ExecutorService 'Nacso-Watch-Task-Scheduler'
2021-10-03 15:47:41.862 [main] INFO  org.apache.coyote.http11.Http11NioProtocol - Starting ProtocolHandler ["http-nio-8001"]
2021-10-03 15:47:41.886 [main] INFO  o.s.boot.web.embedded.tomcat.TomcatWebServer - Tomcat started on port(s): 8001 (http) with context path ''
2021-10-03 15:47:41.968 [main] INFO  c.a.cloud.nacos.registry.NacosServiceRegistry - nacos registry, DEFAULT_GROUP service-edu 192.168.1.103:8001 register finished
2021-10-03 15:47:42.021 [main] INFO  s.d.s.web.plugins.DocumentationPluginsBootstrapper - Context refreshed
2021-10-03 15:47:42.040 [main] INFO  s.d.s.web.plugins.DocumentationPluginsBootstrapper - Found 1 custom documentation plugin(s)
2021-10-03 15:47:42.081 [main] INFO  s.d.spring.web.scanners.ApiListingReferenceScanner - Scanning for api listing references
2021-10-03 15:47:42.330 [main] INFO  com.Surnia.eduService.ServiceEduMain8001 - Started ServiceEduMain8001 in 13.379 seconds (JVM running for 15.19)
2021-10-03 15:47:42.657 [RMI TCP Connection(11)-192.168.1.103] INFO  o.a.c.core.ContainerBase.[Tomcat].[localhost].[/] - Initializing Spring DispatcherServlet 'dispatcherServlet'
2021-10-03 15:47:42.657 [RMI TCP Connection(11)-192.168.1.103] INFO  org.springframework.web.servlet.DispatcherServlet - Initializing Servlet 'dispatcherServlet'
2021-10-03 15:47:42.666 [RMI TCP Connection(11)-192.168.1.103] INFO  org.springframework.web.servlet.DispatcherServlet - Completed initialization in 9 ms
2021-10-03 17:21:24.081 [background-preinit] INFO  org.hibernate.validator.internal.util.Version - HV000001: Hibernate Validator 6.1.7.Final
2021-10-03 17:21:24.624 [main] INFO  com.Surnia.eduService.ServiceEduMain8001 - No active profile set, falling back to default profiles: default
2021-10-03 17:21:25.617 [main] INFO  o.s.d.r.config.RepositoryConfigurationDelegate - Multiple Spring Data modules found, entering strict repository configuration mode!
2021-10-03 17:21:25.619 [main] INFO  o.s.d.r.config.RepositoryConfigurationDelegate - Bootstrapping Spring Data Redis repositories in DEFAULT mode.
2021-10-03 17:21:25.648 [main] INFO  o.s.d.r.config.RepositoryConfigurationDelegate - Finished Spring Data repository scanning in 17ms. Found 0 Redis repository interfaces.
2021-10-03 17:21:25.863 [main] INFO  o.springframework.cloud.context.scope.GenericScope - BeanFactory id=ec86cfc4-7260-3941-b6aa-a7a0913fab12
2021-10-03 17:21:26.001 [main] INFO  o.s.c.s.PostProcessorRegistrationDelegate$BeanPostProcessorChecker - Bean 'redisConfig' of type [com.Surnia.commons.config.RedisConfig$$EnhancerBySpringCGLIB$$31946a72] is not eligible for getting processed by all BeanPostProcessors (for example: not eligible for auto-proxying)
2021-10-03 17:21:26.262 [main] INFO  o.s.boot.web.embedded.tomcat.TomcatWebServer - Tomcat initialized with port(s): 8001 (http)
2021-10-03 17:21:26.271 [main] INFO  org.apache.coyote.http11.Http11NioProtocol - Initializing ProtocolHandler ["http-nio-8001"]
2021-10-03 17:21:26.271 [main] INFO  org.apache.catalina.core.StandardService - Starting service [Tomcat]
2021-10-03 17:21:26.272 [main] INFO  org.apache.catalina.core.StandardEngine - Starting Servlet engine: [Apache Tomcat/9.0.45]
2021-10-03 17:21:26.387 [main] INFO  o.a.c.core.ContainerBase.[Tomcat].[localhost].[/] - Initializing Spring embedded WebApplicationContext
2021-10-03 17:21:26.387 [main] INFO  o.s.b.w.s.c.ServletWebServerApplicationContext - Root WebApplicationContext: initialization completed in 1747 ms
2021-10-03 17:21:26.699 [main] INFO  com.zaxxer.hikari.HikariDataSource - HikariPool-1 - Starting...
2021-10-03 17:21:26.932 [main] INFO  com.zaxxer.hikari.HikariDataSource - HikariPool-1 - Start completed.
2021-10-03 17:21:28.073 [main] INFO  o.s.b.actuate.endpoint.web.EndpointLinksResolver - Exposing 2 endpoint(s) beneath base path '/actuator'
2021-10-03 17:21:28.223 [main] INFO  s.d.s.w.PropertySourcedRequestMappingHandlerMapping - Mapped URL path [/v2/api-docs] onto method [springfox.documentation.swagger2.web.Swagger2Controller#getDocumentation(String, HttpServletRequest)]
2021-10-03 17:21:28.243 [main] INFO  com.netflix.config.sources.URLConfigurationSource - To enable URLs as dynamic configuration sources, define System property archaius.configurationSource.additionalUrls or make config.properties available on classpath.
2021-10-03 17:21:28.247 [main] INFO  com.netflix.config.sources.URLConfigurationSource - To enable URLs as dynamic configuration sources, define System property archaius.configurationSource.additionalUrls or make config.properties available on classpath.
2021-10-03 17:21:28.366 [main] INFO  o.s.scheduling.concurrent.ThreadPoolTaskExecutor - Initializing ExecutorService 'applicationTaskExecutor'
2021-10-03 17:21:28.457 [main] INFO  o.s.scheduling.concurrent.ThreadPoolTaskScheduler - Initializing ExecutorService 'Nacso-Watch-Task-Scheduler'
2021-10-03 17:21:28.819 [main] INFO  org.apache.coyote.http11.Http11NioProtocol - Starting ProtocolHandler ["http-nio-8001"]
2021-10-03 17:21:28.840 [main] INFO  o.s.boot.web.embedded.tomcat.TomcatWebServer - Tomcat started on port(s): 8001 (http) with context path ''
2021-10-03 17:21:28.913 [main] INFO  c.a.cloud.nacos.registry.NacosServiceRegistry - nacos registry, DEFAULT_GROUP service-edu 192.168.1.103:8001 register finished
2021-10-03 17:21:28.964 [main] INFO  s.d.s.web.plugins.DocumentationPluginsBootstrapper - Context refreshed
2021-10-03 17:21:28.976 [main] INFO  s.d.s.web.plugins.DocumentationPluginsBootstrapper - Found 1 custom documentation plugin(s)
2021-10-03 17:21:29.006 [main] INFO  s.d.spring.web.scanners.ApiListingReferenceScanner - Scanning for api listing references
2021-10-03 17:21:29.191 [main] INFO  com.Surnia.eduService.ServiceEduMain8001 - Started ServiceEduMain8001 in 5.975 seconds (JVM running for 6.849)
2021-10-03 17:21:29.553 [RMI TCP Connection(9)-192.168.1.103] INFO  o.a.c.core.ContainerBase.[Tomcat].[localhost].[/] - Initializing Spring DispatcherServlet 'dispatcherServlet'
2021-10-03 17:21:29.553 [RMI TCP Connection(9)-192.168.1.103] INFO  org.springframework.web.servlet.DispatcherServlet - Initializing Servlet 'dispatcherServlet'
2021-10-03 17:21:29.562 [RMI TCP Connection(9)-192.168.1.103] INFO  org.springframework.web.servlet.DispatcherServlet - Completed initialization in 8 ms
2021-10-03 19:21:22.662 [background-preinit] INFO  org.hibernate.validator.internal.util.Version - HV000001: Hibernate Validator 6.1.7.Final
2021-10-03 19:21:23.200 [main] INFO  com.Surnia.eduService.ServiceEduMain8001 - No active profile set, falling back to default profiles: default
2021-10-03 19:21:24.327 [main] INFO  o.s.d.r.config.RepositoryConfigurationDelegate - Multiple Spring Data modules found, entering strict repository configuration mode!
2021-10-03 19:21:24.329 [main] INFO  o.s.d.r.config.RepositoryConfigurationDelegate - Bootstrapping Spring Data Redis repositories in DEFAULT mode.
2021-10-03 19:21:24.358 [main] INFO  o.s.d.r.config.RepositoryConfigurationDelegate - Finished Spring Data repository scanning in 18ms. Found 0 Redis repository interfaces.
2021-10-03 19:21:24.567 [main] INFO  o.springframework.cloud.context.scope.GenericScope - BeanFactory id=ec86cfc4-7260-3941-b6aa-a7a0913fab12
2021-10-03 19:21:24.692 [main] INFO  o.s.c.s.PostProcessorRegistrationDelegate$BeanPostProcessorChecker - Bean 'redisConfig' of type [com.Surnia.commons.config.RedisConfig$$EnhancerBySpringCGLIB$$8f148f68] is not eligible for getting processed by all BeanPostProcessors (for example: not eligible for auto-proxying)
2021-10-03 19:21:24.913 [main] INFO  o.s.boot.web.embedded.tomcat.TomcatWebServer - Tomcat initialized with port(s): 8001 (http)
2021-10-03 19:21:24.920 [main] INFO  org.apache.coyote.http11.Http11NioProtocol - Initializing ProtocolHandler ["http-nio-8001"]
2021-10-03 19:21:24.921 [main] INFO  org.apache.catalina.core.StandardService - Starting service [Tomcat]
2021-10-03 19:21:24.921 [main] INFO  org.apache.catalina.core.StandardEngine - Starting Servlet engine: [Apache Tomcat/9.0.45]
2021-10-03 19:21:25.029 [main] INFO  o.a.c.core.ContainerBase.[Tomcat].[localhost].[/] - Initializing Spring embedded WebApplicationContext
2021-10-03 19:21:25.029 [main] INFO  o.s.b.w.s.c.ServletWebServerApplicationContext - Root WebApplicationContext: initialization completed in 1814 ms
2021-10-03 19:21:25.308 [main] INFO  com.zaxxer.hikari.HikariDataSource - HikariPool-1 - Starting...
2021-10-03 19:21:25.542 [main] INFO  com.zaxxer.hikari.HikariDataSource - HikariPool-1 - Start completed.
2021-10-03 19:21:26.667 [main] INFO  o.s.b.actuate.endpoint.web.EndpointLinksResolver - Exposing 2 endpoint(s) beneath base path '/actuator'
2021-10-03 19:21:26.785 [main] INFO  s.d.s.w.PropertySourcedRequestMappingHandlerMapping - Mapped URL path [/v2/api-docs] onto method [springfox.documentation.swagger2.web.Swagger2Controller#getDocumentation(String, HttpServletRequest)]
2021-10-03 19:21:26.804 [main] INFO  com.netflix.config.sources.URLConfigurationSource - To enable URLs as dynamic configuration sources, define System property archaius.configurationSource.additionalUrls or make config.properties available on classpath.
2021-10-03 19:21:26.808 [main] INFO  com.netflix.config.sources.URLConfigurationSource - To enable URLs as dynamic configuration sources, define System property archaius.configurationSource.additionalUrls or make config.properties available on classpath.
2021-10-03 19:21:26.935 [main] INFO  o.s.scheduling.concurrent.ThreadPoolTaskExecutor - Initializing ExecutorService 'applicationTaskExecutor'
2021-10-03 19:21:27.008 [main] INFO  o.s.scheduling.concurrent.ThreadPoolTaskScheduler - Initializing ExecutorService 'Nacso-Watch-Task-Scheduler'
2021-10-03 19:21:27.327 [main] INFO  org.apache.coyote.http11.Http11NioProtocol - Starting ProtocolHandler ["http-nio-8001"]
2021-10-03 19:21:27.352 [main] INFO  o.s.boot.web.embedded.tomcat.TomcatWebServer - Tomcat started on port(s): 8001 (http) with context path ''
2021-10-03 19:21:27.426 [main] INFO  c.a.cloud.nacos.registry.NacosServiceRegistry - nacos registry, DEFAULT_GROUP service-edu 192.168.1.103:8001 register finished
2021-10-03 19:21:27.478 [main] INFO  s.d.s.web.plugins.DocumentationPluginsBootstrapper - Context refreshed
2021-10-03 19:21:27.492 [main] INFO  s.d.s.web.plugins.DocumentationPluginsBootstrapper - Found 1 custom documentation plugin(s)
2021-10-03 19:21:27.520 [main] INFO  s.d.spring.web.scanners.ApiListingReferenceScanner - Scanning for api listing references
2021-10-03 19:21:27.737 [main] INFO  com.Surnia.eduService.ServiceEduMain8001 - Started ServiceEduMain8001 in 6.223 seconds (JVM running for 7.344)
2021-10-03 19:21:28.024 [RMI TCP Connection(1)-192.168.1.103] INFO  o.a.c.core.ContainerBase.[Tomcat].[localhost].[/] - Initializing Spring DispatcherServlet 'dispatcherServlet'
2021-10-03 19:21:28.025 [RMI TCP Connection(1)-192.168.1.103] INFO  org.springframework.web.servlet.DispatcherServlet - Initializing Servlet 'dispatcherServlet'
2021-10-03 19:21:28.033 [RMI TCP Connection(1)-192.168.1.103] INFO  org.springframework.web.servlet.DispatcherServlet - Completed initialization in 8 ms
2021-10-03 19:22:42.510 [background-preinit] INFO  org.hibernate.validator.internal.util.Version - HV000001: Hibernate Validator 6.1.7.Final
2021-10-03 19:22:43.030 [main] INFO  com.Surnia.eduService.ServiceEduMain8001 - No active profile set, falling back to default profiles: default
2021-10-03 19:22:44.045 [main] INFO  o.s.d.r.config.RepositoryConfigurationDelegate - Multiple Spring Data modules found, entering strict repository configuration mode!
2021-10-03 19:22:44.046 [main] INFO  o.s.d.r.config.RepositoryConfigurationDelegate - Bootstrapping Spring Data Redis repositories in DEFAULT mode.
2021-10-03 19:22:44.073 [main] INFO  o.s.d.r.config.RepositoryConfigurationDelegate - Finished Spring Data repository scanning in 16ms. Found 0 Redis repository interfaces.
2021-10-03 19:22:44.287 [main] INFO  o.springframework.cloud.context.scope.GenericScope - BeanFactory id=ec86cfc4-7260-3941-b6aa-a7a0913fab12
2021-10-03 19:22:44.414 [main] INFO  o.s.c.s.PostProcessorRegistrationDelegate$BeanPostProcessorChecker - Bean 'redisConfig' of type [com.Surnia.commons.config.RedisConfig$$EnhancerBySpringCGLIB$$34ed441d] is not eligible for getting processed by all BeanPostProcessors (for example: not eligible for auto-proxying)
2021-10-03 19:22:44.655 [main] INFO  o.s.boot.web.embedded.tomcat.TomcatWebServer - Tomcat initialized with port(s): 8001 (http)
2021-10-03 19:22:44.663 [main] INFO  org.apache.coyote.http11.Http11NioProtocol - Initializing ProtocolHandler ["http-nio-8001"]
2021-10-03 19:22:44.663 [main] INFO  org.apache.catalina.core.StandardService - Starting service [Tomcat]
2021-10-03 19:22:44.664 [main] INFO  org.apache.catalina.core.StandardEngine - Starting Servlet engine: [Apache Tomcat/9.0.45]
2021-10-03 19:22:44.777 [main] INFO  o.a.c.core.ContainerBase.[Tomcat].[localhost].[/] - Initializing Spring embedded WebApplicationContext
2021-10-03 19:22:44.777 [main] INFO  o.s.b.w.s.c.ServletWebServerApplicationContext - Root WebApplicationContext: initialization completed in 1732 ms
2021-10-03 19:22:45.056 [main] INFO  com.zaxxer.hikari.HikariDataSource - HikariPool-1 - Starting...
2021-10-03 19:22:45.293 [main] INFO  com.zaxxer.hikari.HikariDataSource - HikariPool-1 - Start completed.
2021-10-03 19:22:46.432 [main] INFO  o.s.b.actuate.endpoint.web.EndpointLinksResolver - Exposing 2 endpoint(s) beneath base path '/actuator'
2021-10-03 19:22:46.573 [main] INFO  s.d.s.w.PropertySourcedRequestMappingHandlerMapping - Mapped URL path [/v2/api-docs] onto method [springfox.documentation.swagger2.web.Swagger2Controller#getDocumentation(String, HttpServletRequest)]
2021-10-03 19:22:46.596 [main] INFO  com.netflix.config.sources.URLConfigurationSource - To enable URLs as dynamic configuration sources, define System property archaius.configurationSource.additionalUrls or make config.properties available on classpath.
2021-10-03 19:22:46.600 [main] INFO  com.netflix.config.sources.URLConfigurationSource - To enable URLs as dynamic configuration sources, define System property archaius.configurationSource.additionalUrls or make config.properties available on classpath.
2021-10-03 19:22:46.714 [main] INFO  o.s.scheduling.concurrent.ThreadPoolTaskExecutor - Initializing ExecutorService 'applicationTaskExecutor'
2021-10-03 19:22:46.798 [main] INFO  o.s.scheduling.concurrent.ThreadPoolTaskScheduler - Initializing ExecutorService 'Nacso-Watch-Task-Scheduler'
2021-10-03 19:22:47.134 [main] INFO  org.apache.coyote.http11.Http11NioProtocol - Starting ProtocolHandler ["http-nio-8001"]
2021-10-03 19:22:47.156 [main] INFO  o.s.boot.web.embedded.tomcat.TomcatWebServer - Tomcat started on port(s): 8001 (http) with context path ''
2021-10-03 19:22:47.227 [main] INFO  c.a.cloud.nacos.registry.NacosServiceRegistry - nacos registry, DEFAULT_GROUP service-edu 192.168.1.103:8001 register finished
2021-10-03 19:22:47.277 [main] INFO  s.d.s.web.plugins.DocumentationPluginsBootstrapper - Context refreshed
2021-10-03 19:22:47.290 [main] INFO  s.d.s.web.plugins.DocumentationPluginsBootstrapper - Found 1 custom documentation plugin(s)
2021-10-03 19:22:47.317 [main] INFO  s.d.spring.web.scanners.ApiListingReferenceScanner - Scanning for api listing references
2021-10-03 19:22:47.512 [main] INFO  com.Surnia.eduService.ServiceEduMain8001 - Started ServiceEduMain8001 in 5.909 seconds (JVM running for 6.783)
2021-10-03 19:22:47.922 [RMI TCP Connection(2)-192.168.1.103] INFO  o.a.c.core.ContainerBase.[Tomcat].[localhost].[/] - Initializing Spring DispatcherServlet 'dispatcherServlet'
2021-10-03 19:22:47.923 [RMI TCP Connection(2)-192.168.1.103] INFO  org.springframework.web.servlet.DispatcherServlet - Initializing Servlet 'dispatcherServlet'
2021-10-03 19:22:47.929 [RMI TCP Connection(2)-192.168.1.103] INFO  org.springframework.web.servlet.DispatcherServlet - Completed initialization in 6 ms
